<?xml version="1.0" encoding="UTF-8"?>
<testsuite xmlns:xsi="http://www.w3.org/2001/XMLSchema-instance" xsi:noNamespaceSchemaLocation="https://maven.apache.org/surefire/maven-surefire-plugin/xsd/surefire-test-report.xsd" name="leetcode.api.StatsResponseTests" time="0.042" tests="17" errors="0" skipped="0" failures="0">
  <properties>
[...]
</properties>
  <testcase name="submissionCalendarCorrect" classname="leetcode.api.StatsResponseTests" time="0"/>
  <testcase name="reputationCorrect" classname="leetcode.api.StatsResponseTests" time="0"/>
  <testcase name="sameValEqualCorrect" classname="leetcode.api.StatsResponseTests" time="0.004"/>
  <testcase name="statusCorrect" classname="leetcode.api.StatsResponseTests" time="0.004"/>
  <testcase name="totalHardCorrect" classname="leetcode.api.StatsResponseTests" time="0.003"/>
  <testcase name="rankingCorrect" classname="leetcode.api.StatsResponseTests" time="0.002"/>
  <testcase name="acceptanceCorrect" classname="leetcode.api.StatsResponseTests" time="0.002"/>
  <testcase name="contributionPointsCorrect" classname="leetcode.api.StatsResponseTests" time="0.001"/>
  <testcase name="totalQuestionsCorrect" classname="leetcode.api.StatsResponseTests" time="0.001"/>
  <testcase name="totalEasyCorrect" classname="leetcode.api.StatsResponseTests" time="0.001"/>
  <testcase name="mediumSolvedCorrect" classname="leetcode.api.StatsResponseTests" time="0.001"/>
  <testcase name="easySolvedCorrect" classname="leetcode.api.StatsResponseTests" time="0.001"/>
  <testcase name="sameRefEqualCorrect" classname="leetcode.api.StatsResponseTests" time="0.001"/>
  <testcase name="hardSolvedCorrect" classname="leetcode.api.StatsResponseTests" time="0.002"/>
  <testcase name="totalMediumCorrect" classname="leetcode.api.StatsResponseTests" time="0.001"/>
  <testcase name="totalSolvedCorrect" classname="leetcode.api.StatsResponseTests" time="0.002"/>
  <testcase name="messageCorrect" classname="leetcode.api.StatsResponseTests" time="0.001"/>
</testsuite>