<?xml version="1.0" encoding="UTF-8"?>
<testsuite xmlns:xsi="http://www.w3.org/2001/XMLSchema-instance" xsi:noNamespaceSchemaLocation="https://maven.apache.org/surefire/maven-surefire-plugin/xsd/surefire-test-report.xsd" name="leetcode.api.UserControllerTests" time="0.438" tests="3" errors="0" skipped="0" failures="3">
  <properties>
[...]
</properties>
  <testcase name="validUsername" classname="leetcode.api.UserControllerTests" time="0.052">
    <failure message="Status expected:&lt;200&gt; but was:&lt;404&gt;" type="java.lang.AssertionError"><![CDATA[java.lang.AssertionError: Status expected:<200> but was:<404>
	at leetcode.api.UserControllerTests.validUsername(UserControllerTests.java:37)
]]></failure>
    <system-out><![CDATA[2022-07-28 17:19:00.103  INFO 22028 --- [           main] .b.t.a.w.s.WebMvcTestContextBootstrapper : Neither @ContextConfiguration nor @ContextHierarchy found for test class [leetcode.api.UserControllerTests], using SpringBootContextLoader
2022-07-28 17:19:00.103  INFO 22028 --- [           main] o.s.t.c.support.AbstractContextLoader    : Could not detect default resource locations for test class [leetcode.api.UserControllerTests]: no resource found for suffixes {-context.xml, Context.groovy}.
2022-07-28 17:19:00.103  INFO 22028 --- [           main] t.c.s.AnnotationConfigContextLoaderUtils : Could not detect default configuration classes for test class [leetcode.api.UserControllerTests]: UserControllerTests does not declare any static, non-private, non-final, nested classes annotated with @Configuration.
2022-07-28 17:19:00.114  INFO 22028 --- [           main] .b.t.c.SpringBootTestContextBootstrapper : Found @SpringBootConfiguration leetcode.api.ApiApplication for test class leetcode.api.UserControllerTests
2022-07-28 17:19:00.115  INFO 22028 --- [           main] .b.t.a.w.s.WebMvcTestContextBootstrapper : Loaded default TestExecutionListener class names from location [META-INF/spring.factories]: [org.springframework.boot.test.mock.mockito.MockitoTestExecutionListener, org.springframework.boot.test.mock.mockito.ResetMocksTestExecutionListener, org.springframework.boot.test.autoconfigure.restdocs.RestDocsTestExecutionListener, org.springframework.boot.test.autoconfigure.web.client.MockRestServiceServerResetTestExecutionListener, org.springframework.boot.test.autoconfigure.web.servlet.MockMvcPrintOnlyOnFailureTestExecutionListener, org.springframework.boot.test.autoconfigure.web.servlet.WebDriverTestExecutionListener, org.springframework.boot.test.autoconfigure.webservices.client.MockWebServiceServerTestExecutionListener, org.springframework.test.context.web.ServletTestExecutionListener, org.springframework.test.context.support.DirtiesContextBeforeModesTestExecutionListener, org.springframework.test.context.event.ApplicationEventsTestExecutionListener, org.springframework.test.context.support.DependencyInjectionTestExecutionListener, org.springframework.test.context.support.DirtiesContextTestExecutionListener, org.springframework.test.context.transaction.TransactionalTestExecutionListener, org.springframework.test.context.jdbc.SqlScriptsTestExecutionListener, org.springframework.test.context.event.EventPublishingTestExecutionListener]
2022-07-28 17:19:00.115  INFO 22028 --- [           main] .b.t.a.w.s.WebMvcTestContextBootstrapper : Using TestExecutionListeners: [org.springframework.test.context.web.ServletTestExecutionListener@36dbfa68, org.springframework.test.context.support.DirtiesContextBeforeModesTestExecutionListener@6a08113d, org.springframework.test.context.event.ApplicationEventsTestExecutionListener@480fb706, org.springframework.boot.test.mock.mockito.MockitoTestExecutionListener@66d766b9, org.springframework.boot.test.autoconfigure.SpringBootDependencyInjectionTestExecutionListener@f36c8b1, org.springframework.test.context.support.DirtiesContextTestExecutionListener@251db193, org.springframework.test.context.event.EventPublishingTestExecutionListener@109f95b1, org.springframework.boot.test.mock.mockito.ResetMocksTestExecutionListener@4d20cbb5, org.springframework.boot.test.autoconfigure.restdocs.RestDocsTestExecutionListener@74eae1e0, org.springframework.boot.test.autoconfigure.web.client.MockRestServiceServerResetTestExecutionListener@3c3357c7, org.springframework.boot.test.autoconfigure.web.servlet.MockMvcPrintOnlyOnFailureTestExecutionListener@506d7fed, org.springframework.boot.test.autoconfigure.web.servlet.WebDriverTestExecutionListener@1bdb6b36, org.springframework.boot.test.autoconfigure.webservices.client.MockWebServiceServerTestExecutionListener@381d7c4c]

  .   ____          _            __ _ _
 /\\ / ___'_ __ _ _(_)_ __  __ _ \ \ \ \
( ( )\___ | '_ | '_| | '_ \/ _` | \ \ \ \
 \\/  ___)| |_)| | | | | || (_| |  ) ) ) )
  '  |____| .__|_| |_|_| |_\__, | / / / /
 =========|_|==============|___/=/_/_/_/
 :: Spring Boot ::                (v2.4.2)

2022-07-28 17:19:00.128  WARN 22028 --- [           main] ory$DuplicateJsonObjectContextCustomizer : 

Found multiple occurrences of org.json.JSONObject on the class path:

	jar:file:/C:/Users/PETE/.m2/repository/org/json/json/20201115/json-20201115.jar!/org/json/JSONObject.class
	jar:file:/C:/Users/PETE/.m2/repository/com/vaadin/external/google/android-json/0.0.20131108.vaadin1/android-json-0.0.20131108.vaadin1.jar!/org/json/JSONObject.class

You may wish to exclude one of them to ensure predictable runtime behavior

2022-07-28 17:19:00.129  INFO 22028 --- [           main] leetcode.api.UserControllerTests         : Starting UserControllerTests using Java 18.0.1.1 on LAPTOP-5U0N9VOP with PID 22028 (started by PETE in C:\Users\PETE\Desktop\archive\maven-workspace\leetcode-stats-api)
2022-07-28 17:19:00.130  INFO 22028 --- [           main] leetcode.api.UserControllerTests         : No active profile set, falling back to default profiles: default
2022-07-28 17:19:00.360  INFO 22028 --- [           main] o.s.s.concurrent.ThreadPoolTaskExecutor  : Initializing ExecutorService 'applicationTaskExecutor'
2022-07-28 17:19:00.439  INFO 22028 --- [           main] o.s.b.t.m.w.SpringBootMockServletContext : Initializing Spring TestDispatcherServlet ''
2022-07-28 17:19:00.439  INFO 22028 --- [           main] o.s.t.web.servlet.TestDispatcherServlet  : Initializing Servlet ''
2022-07-28 17:19:00.439  INFO 22028 --- [           main] o.s.t.web.servlet.TestDispatcherServlet  : Completed initialization in 0 ms
2022-07-28 17:19:00.447  INFO 22028 --- [           main] leetcode.api.UserControllerTests         : Started UserControllerTests in 0.329 seconds (JVM running for 4.036)

MockHttpServletRequest:
      HTTP Method = GET
      Request URI = /user_exists
       Parameters = {}
          Headers = []
             Body = null
    Session Attrs = {}

Handler:
             Type = org.springframework.web.servlet.resource.ResourceHttpRequestHandler

Async:
    Async started = false
     Async result = null

Resolved Exception:
             Type = null

ModelAndView:
        View name = null
             View = null
            Model = null

FlashMap:
       Attributes = null

MockHttpServletResponse:
           Status = 404
    Error message = null
          Headers = [Vary:"Origin", "Access-Control-Request-Method", "Access-Control-Request-Headers"]
     Content type = null
             Body = 
    Forwarded URL = null
   Redirected URL = null
          Cookies = []
]]></system-out>
  </testcase>
  <testcase name="nonValidUsername" classname="leetcode.api.UserControllerTests" time="0.008">
    <failure message="Status expected:&lt;200&gt; but was:&lt;404&gt;" type="java.lang.AssertionError"><![CDATA[java.lang.AssertionError: Status expected:<200> but was:<404>
	at leetcode.api.UserControllerTests.nonValidUsername(UserControllerTests.java:56)
]]></failure>
    <system-out><![CDATA[
MockHttpServletRequest:
      HTTP Method = GET
      Request URI = /user_does_not_exist
       Parameters = {}
          Headers = []
             Body = null
    Session Attrs = {}

Handler:
             Type = org.springframework.web.servlet.resource.ResourceHttpRequestHandler

Async:
    Async started = false
     Async result = null

Resolved Exception:
             Type = null

ModelAndView:
        View name = null
             View = null
            Model = null

FlashMap:
       Attributes = null

MockHttpServletResponse:
           Status = 404
    Error message = null
          Headers = [Vary:"Origin", "Access-Control-Request-Method", "Access-Control-Request-Headers"]
     Content type = null
             Body = 
    Forwarded URL = null
   Redirected URL = null
          Cookies = []
]]></system-out>
  </testcase>
  <testcase name="noUsername" classname="leetcode.api.UserControllerTests" time="0.026">
    <failure message="Status expected:&lt;200&gt; but was:&lt;500&gt;" type="java.lang.AssertionError"><![CDATA[java.lang.AssertionError: Status expected:<200> but was:<500>
	at leetcode.api.UserControllerTests.noUsername(UserControllerTests.java:45)
]]></failure>
    <system-out><![CDATA[2022-07-28 17:19:00.535  WARN 22028 --- [           main] .w.s.m.s.DefaultHandlerExceptionResolver : Resolved [org.springframework.web.bind.MissingPathVariableException: Missing URI template variable 'qid' for method parameter of type int]

MockHttpServletRequest:
      HTTP Method = GET
      Request URI = /
       Parameters = {}
          Headers = []
             Body = null
    Session Attrs = {}

Handler:
             Type = leetcode.api.controller.UserController
           Method = leetcode.api.controller.UserController#getStats(Optional, int)

Async:
    Async started = false
     Async result = null

Resolved Exception:
             Type = org.springframework.web.bind.MissingPathVariableException

ModelAndView:
        View name = null
             View = null
            Model = null

FlashMap:
       Attributes = null

MockHttpServletResponse:
           Status = 500
    Error message = Missing URI template variable 'qid' for method parameter of type int
          Headers = [Vary:"Origin", "Access-Control-Request-Method", "Access-Control-Request-Headers"]
     Content type = null
             Body = 
    Forwarded URL = null
   Redirected URL = null
          Cookies = []
]]></system-out>
  </testcase>
</testsuite>